c:\users\wa\source\repos\physics\05_hair\x64\release\vc143.pdb
c:\users\wa\source\repos\physics\05_hair\x64\release\main.obj
c:\users\wa\source\repos\physics\05_hair\x64\release\bdeb.obj
c:\users\wa\source\repos\physics\05_hair\x64\release\imgui_canvas.obj
c:\users\wa\source\repos\physics\05_hair\x64\release\imgui_stdlib.obj
c:\users\wa\source\repos\physics\05_hair\x64\release\imgui_widgets.obj
c:\users\wa\source\repos\physics\05_hair\x64\release\imgui_tables.obj
c:\users\wa\source\repos\physics\05_hair\x64\release\imgui_draw.obj
c:\users\wa\source\repos\physics\05_hair\x64\release\imgui.obj
c:\users\wa\source\repos\physics\05_hair\x64\release\imgui_impl_opengl3.obj
c:\users\wa\source\repos\physics\05_hair\x64\release\imgui_impl_glfw.obj
c:\users\wa\source\repos\physics\05_hair\x64\release\highprecisiontimer.obj
c:\users\wa\source\repos\physics\x64\release\05_hair.exe
c:\users\wa\source\repos\physics\05_hair\x64\release\05_hair.ipdb
c:\users\wa\source\repos\physics\x64\release\05_hair.pdb
c:\users\wa\source\repos\physics\05_hair\x64\release\05_hair.iobj
c:\users\wa\source\repos\physics\05_hair\x64\release\05_hair.tlog\cl.command.1.tlog
c:\users\wa\source\repos\physics\05_hair\x64\release\05_hair.tlog\cl.read.1.tlog
c:\users\wa\source\repos\physics\05_hair\x64\release\05_hair.tlog\cl.write.1.tlog
c:\users\wa\source\repos\physics\05_hair\x64\release\05_hair.tlog\link.command.1.tlog
c:\users\wa\source\repos\physics\05_hair\x64\release\05_hair.tlog\link.read.1.tlog
c:\users\wa\source\repos\physics\05_hair\x64\release\05_hair.tlog\link.write.1.tlog
