c:\users\wa\source\repos\physics\04_softbody\x64\release\vc143.pdb
c:\users\wa\source\repos\physics\04_softbody\x64\release\softbody_collision_ref.obj
c:\users\wa\source\repos\physics\04_softbody\x64\release\main.obj
c:\users\wa\source\repos\physics\04_softbody\x64\release\imgui_canvas.obj
c:\users\wa\source\repos\physics\04_softbody\x64\release\imgui_stdlib.obj
c:\users\wa\source\repos\physics\04_softbody\x64\release\imgui_widgets.obj
c:\users\wa\source\repos\physics\04_softbody\x64\release\imgui_tables.obj
c:\users\wa\source\repos\physics\04_softbody\x64\release\imgui_draw.obj
c:\users\wa\source\repos\physics\04_softbody\x64\release\imgui.obj
c:\users\wa\source\repos\physics\04_softbody\x64\release\imgui_impl_opengl3.obj
c:\users\wa\source\repos\physics\04_softbody\x64\release\imgui_impl_glfw.obj
c:\users\wa\source\repos\physics\04_softbody\x64\release\highprecisiontimer.obj
c:\users\wa\source\repos\physics\x64\release\04_softbody.exe
c:\users\wa\source\repos\physics\04_softbody\x64\release\04_softbody.ipdb
c:\users\wa\source\repos\physics\x64\release\04_softbody.pdb
c:\users\wa\source\repos\physics\04_softbody\x64\release\04_softbody.iobj
c:\users\wa\source\repos\physics\04_softbody\x64\release\04_softbody.tlog\cl.command.1.tlog
c:\users\wa\source\repos\physics\04_softbody\x64\release\04_softbody.tlog\cl.read.1.tlog
c:\users\wa\source\repos\physics\04_softbody\x64\release\04_softbody.tlog\cl.write.1.tlog
c:\users\wa\source\repos\physics\04_softbody\x64\release\04_softbody.tlog\link.command.1.tlog
c:\users\wa\source\repos\physics\04_softbody\x64\release\04_softbody.tlog\link.read.1.tlog
c:\users\wa\source\repos\physics\04_softbody\x64\release\04_softbody.tlog\link.write.1.tlog
