c:\users\wa\source\repos\physics\01_derivation\x64\release\vc143.pdb
c:\users\wa\source\repos\physics\01_derivation\x64\release\main.obj
c:\users\wa\source\repos\physics\01_derivation\x64\release\bdeb_clean.obj
c:\users\wa\source\repos\physics\01_derivation\x64\release\imgui_canvas.obj
c:\users\wa\source\repos\physics\01_derivation\x64\release\imgui_stdlib.obj
c:\users\wa\source\repos\physics\01_derivation\x64\release\imgui_widgets.obj
c:\users\wa\source\repos\physics\01_derivation\x64\release\imgui_tables.obj
c:\users\wa\source\repos\physics\01_derivation\x64\release\imgui_draw.obj
c:\users\wa\source\repos\physics\01_derivation\x64\release\imgui.obj
c:\users\wa\source\repos\physics\01_derivation\x64\release\imgui_impl_opengl3.obj
c:\users\wa\source\repos\physics\01_derivation\x64\release\imgui_impl_glfw.obj
c:\users\wa\source\repos\physics\01_derivation\x64\release\highprecisiontimer.obj
c:\users\wa\source\repos\physics\x64\release\01_derivation.exe
c:\users\wa\source\repos\physics\01_derivation\x64\release\01_derivation.ipdb
c:\users\wa\source\repos\physics\x64\release\01_derivation.pdb
c:\users\wa\source\repos\physics\01_derivation\x64\release\01_derivation.iobj
c:\users\wa\source\repos\physics\01_derivation\x64\release\01_derivation.tlog\cl.command.1.tlog
c:\users\wa\source\repos\physics\01_derivation\x64\release\01_derivation.tlog\cl.read.1.tlog
c:\users\wa\source\repos\physics\01_derivation\x64\release\01_derivation.tlog\cl.write.1.tlog
c:\users\wa\source\repos\physics\01_derivation\x64\release\01_derivation.tlog\link.command.1.tlog
c:\users\wa\source\repos\physics\01_derivation\x64\release\01_derivation.tlog\link.read.1.tlog
c:\users\wa\source\repos\physics\01_derivation\x64\release\01_derivation.tlog\link.write.1.tlog
